C:\Program Files (x86)\MSBuild\Microsoft.Cpp\v4.0\V140\Microsoft.CppBuild.targets(392,5): warning MSB8028: The intermediate directory (Release\) contains files shared from another project (FRR.vcxproj, RRMM.vcxproj).  This can lead to incorrect clean and rebuild behavior.
  Building.cpp
Building.cpp(49): warning C4018: '<': signed/unsigned mismatch
Building.cpp(80): warning C4018: '<': signed/unsigned mismatch
Building.cpp(111): warning C4018: '<': signed/unsigned mismatch
Building.cpp(190): warning C4018: '<': signed/unsigned mismatch
Building.cpp(220): warning C4018: '<': signed/unsigned mismatch
Building.cpp(286): warning C4018: '<': signed/unsigned mismatch
Building.cpp(293): warning C4244: 'initializing': conversion from 'float' to 'int', possible loss of data
Building.cpp(298): warning C4018: '<': signed/unsigned mismatch
Building.cpp(301): warning C4018: '<': signed/unsigned mismatch
LINK : warning LNK4098: defaultlib 'LIBCMT' conflicts with use of other libs; use /NODEFAULTLIB:library
LINK : warning LNK4098: defaultlib 'MSVCRTD' conflicts with use of other libs; use /NODEFAULTLIB:library
  Generating code
  14 of 972 functions ( 1.4%) were compiled, the rest were copied from previous compilation.
    5 functions were new in current compilation
    26 functions had inline decision re-evaluated but remain unchanged
  Finished generating code
shaderLoader.obj : warning LNK4049: locally defined symbol ___glewLinkProgram imported
shaderLoader.obj : warning LNK4049: locally defined symbol ___glewDeleteShader imported
shaderLoader.obj : warning LNK4049: locally defined symbol ___glewGetProgramInfoLog imported
shaderLoader.obj : warning LNK4049: locally defined symbol ___glewDetachShader imported
shaderLoader.obj : warning LNK4049: locally defined symbol ___glewShaderSource imported
shaderLoader.obj : warning LNK4049: locally defined symbol ___glewAttachShader imported
shaderLoader.obj : warning LNK4049: locally defined symbol ___glewGetProgramiv imported
shaderLoader.obj : warning LNK4049: locally defined symbol ___glewGetShaderInfoLog imported
shaderLoader.obj : warning LNK4049: locally defined symbol ___glewCreateProgram imported
shaderLoader.obj : warning LNK4049: locally defined symbol ___glewCreateShader imported
shaderLoader.obj : warning LNK4049: locally defined symbol ___glewCompileShader imported
shaderLoader.obj : warning LNK4049: locally defined symbol ___glewGetShaderiv imported
glew32s.lib(glew.obj) : warning LNK4099: PDB 'vc120.pdb' was not found with 'glew32s.lib(glew.obj)' or at 'C:\Users\Albin\Documents\GitHub\Advanced-Modeling\Lab 5\RRMM\Release\vc120.pdb'; linking object as if no debug info
glfw3.lib(context.obj) : warning LNK4099: PDB 'glfw.pdb' was not found with 'glfw3.lib(context.obj)' or at 'C:\Users\Albin\Documents\GitHub\Advanced-Modeling\Lab 5\RRMM\Release\glfw.pdb'; linking object as if no debug info
glfw3.lib(init.obj) : warning LNK4099: PDB 'glfw.pdb' was not found with 'glfw3.lib(init.obj)' or at 'C:\Users\Albin\Documents\GitHub\Advanced-Modeling\Lab 5\RRMM\Release\glfw.pdb'; linking object as if no debug info
glfw3.lib(input.obj) : warning LNK4099: PDB 'glfw.pdb' was not found with 'glfw3.lib(input.obj)' or at 'C:\Users\Albin\Documents\GitHub\Advanced-Modeling\Lab 5\RRMM\Release\glfw.pdb'; linking object as if no debug info
glfw3.lib(monitor.obj) : warning LNK4099: PDB 'glfw.pdb' was not found with 'glfw3.lib(monitor.obj)' or at 'C:\Users\Albin\Documents\GitHub\Advanced-Modeling\Lab 5\RRMM\Release\glfw.pdb'; linking object as if no debug info
glfw3.lib(vulkan.obj) : warning LNK4099: PDB 'glfw.pdb' was not found with 'glfw3.lib(vulkan.obj)' or at 'C:\Users\Albin\Documents\GitHub\Advanced-Modeling\Lab 5\RRMM\Release\glfw.pdb'; linking object as if no debug info
glfw3.lib(window.obj) : warning LNK4099: PDB 'glfw.pdb' was not found with 'glfw3.lib(window.obj)' or at 'C:\Users\Albin\Documents\GitHub\Advanced-Modeling\Lab 5\RRMM\Release\glfw.pdb'; linking object as if no debug info
glfw3.lib(win32_init.obj) : warning LNK4099: PDB 'glfw.pdb' was not found with 'glfw3.lib(win32_init.obj)' or at 'C:\Users\Albin\Documents\GitHub\Advanced-Modeling\Lab 5\RRMM\Release\glfw.pdb'; linking object as if no debug info
glfw3.lib(win32_joystick.obj) : warning LNK4099: PDB 'glfw.pdb' was not found with 'glfw3.lib(win32_joystick.obj)' or at 'C:\Users\Albin\Documents\GitHub\Advanced-Modeling\Lab 5\RRMM\Release\glfw.pdb'; linking object as if no debug info
glfw3.lib(win32_monitor.obj) : warning LNK4099: PDB 'glfw.pdb' was not found with 'glfw3.lib(win32_monitor.obj)' or at 'C:\Users\Albin\Documents\GitHub\Advanced-Modeling\Lab 5\RRMM\Release\glfw.pdb'; linking object as if no debug info
glfw3.lib(win32_time.obj) : warning LNK4099: PDB 'glfw.pdb' was not found with 'glfw3.lib(win32_time.obj)' or at 'C:\Users\Albin\Documents\GitHub\Advanced-Modeling\Lab 5\RRMM\Release\glfw.pdb'; linking object as if no debug info
glfw3.lib(win32_tls.obj) : warning LNK4099: PDB 'glfw.pdb' was not found with 'glfw3.lib(win32_tls.obj)' or at 'C:\Users\Albin\Documents\GitHub\Advanced-Modeling\Lab 5\RRMM\Release\glfw.pdb'; linking object as if no debug info
glfw3.lib(win32_window.obj) : warning LNK4099: PDB 'glfw.pdb' was not found with 'glfw3.lib(win32_window.obj)' or at 'C:\Users\Albin\Documents\GitHub\Advanced-Modeling\Lab 5\RRMM\Release\glfw.pdb'; linking object as if no debug info
glfw3.lib(wgl_context.obj) : warning LNK4099: PDB 'glfw.pdb' was not found with 'glfw3.lib(wgl_context.obj)' or at 'C:\Users\Albin\Documents\GitHub\Advanced-Modeling\Lab 5\RRMM\Release\glfw.pdb'; linking object as if no debug info
glfw3.lib(egl_context.obj) : warning LNK4099: PDB 'glfw.pdb' was not found with 'glfw3.lib(egl_context.obj)' or at 'C:\Users\Albin\Documents\GitHub\Advanced-Modeling\Lab 5\RRMM\Release\glfw.pdb'; linking object as if no debug info
  RRMM.vcxproj -> C:\Users\Albin\Documents\GitHub\Advanced-Modeling\Lab 5\RRMM\Release\AM5.exe
  RRMM.vcxproj -> C:\Users\Albin\Documents\GitHub\Advanced-Modeling\Lab 5\RRMM\Release\AM5.pdb (Full PDB)
