C:\Program Files (x86)\MSBuild\Microsoft.Cpp\v4.0\V140\Microsoft.CppBuild.targets(392,5): warning MSB8028: The intermediate directory (Debug\) contains files shared from another project (FRR.vcxproj, RRMM.vcxproj).  This can lead to incorrect clean and rebuild behavior.
  MarchingCubes.cpp
c:\users\albin\documents\github\advanced-modeling\lab 4\rrmm\rrmm\marchingcubes.cpp(18): warning C4244: 'argument': conversion from 'double' to 'unsigned int', possible loss of data
c:\users\albin\documents\github\advanced-modeling\lab 4\rrmm\rrmm\marchingcubes.cpp(64): warning C4244: '+=': conversion from 'double' to 'int', possible loss of data
c:\users\albin\documents\github\advanced-modeling\lab 4\rrmm\rrmm\marchingcubes.cpp(66): warning C4244: '+=': conversion from 'double' to 'int', possible loss of data
c:\users\albin\documents\github\advanced-modeling\lab 4\rrmm\rrmm\marchingcubes.cpp(68): warning C4244: '+=': conversion from 'double' to 'int', possible loss of data
c:\users\albin\documents\github\advanced-modeling\lab 4\rrmm\rrmm\marchingcubes.cpp(70): warning C4244: '+=': conversion from 'double' to 'int', possible loss of data
c:\users\albin\documents\github\advanced-modeling\lab 4\rrmm\rrmm\marchingcubes.cpp(73): warning C4244: '+=': conversion from 'double' to 'int', possible loss of data
c:\users\albin\documents\github\advanced-modeling\lab 4\rrmm\rrmm\marchingcubes.cpp(75): warning C4244: '+=': conversion from 'double' to 'int', possible loss of data
c:\users\albin\documents\github\advanced-modeling\lab 4\rrmm\rrmm\marchingcubes.cpp(77): warning C4244: '+=': conversion from 'double' to 'int', possible loss of data
c:\users\albin\documents\github\advanced-modeling\lab 4\rrmm\rrmm\marchingcubes.cpp(79): warning C4244: '+=': conversion from 'double' to 'int', possible loss of data
c:\users\albin\documents\github\advanced-modeling\lab 4\rrmm\rrmm\marchingcubes.cpp(87): warning C4018: '<': signed/unsigned mismatch
c:\users\albin\documents\github\advanced-modeling\lab 4\rrmm\rrmm\marchingcubes.cpp(275): warning C4244: 'argument': conversion from 'int' to 'float', possible loss of data
c:\users\albin\documents\github\advanced-modeling\lab 4\rrmm\rrmm\marchingcubes.cpp(292): warning C4244: 'initializing': conversion from 'int' to 'float', possible loss of data
c:\users\albin\documents\github\advanced-modeling\lab 4\rrmm\rrmm\marchingcubes.cpp(293): warning C4244: 'initializing': conversion from 'int' to 'float', possible loss of data
c:\users\albin\documents\github\advanced-modeling\lab 4\rrmm\rrmm\marchingcubes.cpp(294): warning C4244: 'initializing': conversion from 'int' to 'float', possible loss of data
c:\users\albin\documents\github\advanced-modeling\lab 4\rrmm\rrmm\marchingcubes.cpp(301): warning C4244: '+=': conversion from 'double' to 'float', possible loss of data
c:\users\albin\documents\github\advanced-modeling\lab 4\rrmm\rrmm\marchingcubes.cpp(307): warning C4244: '+=': conversion from 'double' to 'float', possible loss of data
c:\users\albin\documents\github\advanced-modeling\lab 4\rrmm\rrmm\marchingcubes.cpp(314): warning C4244: '+=': conversion from 'double' to 'float', possible loss of data
c:\users\albin\documents\github\advanced-modeling\lab 4\rrmm\rrmm\marchingcubes.cpp(321): warning C4244: '+=': conversion from 'double' to 'float', possible loss of data
c:\users\albin\documents\github\advanced-modeling\lab 4\rrmm\rrmm\marchingcubes.cpp(327): warning C4244: '+=': conversion from 'double' to 'float', possible loss of data
c:\users\albin\documents\github\advanced-modeling\lab 4\rrmm\rrmm\marchingcubes.cpp(334): warning C4244: '+=': conversion from 'double' to 'float', possible loss of data
c:\users\albin\documents\github\advanced-modeling\lab 4\rrmm\rrmm\marchingcubes.cpp(342): warning C4244: '+=': conversion from 'double' to 'float', possible loss of data
c:\users\albin\documents\github\advanced-modeling\lab 4\rrmm\rrmm\marchingcubes.cpp(350): warning C4244: '+=': conversion from 'double' to 'float', possible loss of data
c:\users\albin\documents\github\advanced-modeling\lab 4\rrmm\rrmm\marchingcubes.cpp(357): warning C4244: '+=': conversion from 'double' to 'float', possible loss of data
c:\users\albin\documents\github\advanced-modeling\lab 4\rrmm\rrmm\marchingcubes.cpp(364): warning C4244: '+=': conversion from 'double' to 'float', possible loss of data
c:\users\albin\documents\github\advanced-modeling\lab 4\rrmm\rrmm\marchingcubes.cpp(372): warning C4244: '+=': conversion from 'double' to 'float', possible loss of data
c:\users\albin\documents\github\advanced-modeling\lab 4\rrmm\rrmm\marchingcubes.cpp(378): warning C4244: '+=': conversion from 'double' to 'float', possible loss of data
c:\users\albin\documents\github\advanced-modeling\lab 4\rrmm\rrmm\marchingcubes.cpp(386): warning C4244: 'argument': conversion from 'int' to 'float', possible loss of data
c:\users\albin\documents\github\advanced-modeling\lab 4\rrmm\rrmm\marchingcubes.cpp(407): warning C4244: 'initializing': conversion from 'float' to '__int64', possible loss of data
c:\users\albin\documents\github\advanced-modeling\lab 4\rrmm\rrmm\marchingcubes.cpp(430): warning C4244: '+=': conversion from 'double' to 'float', possible loss of data
c:\users\albin\documents\github\advanced-modeling\lab 4\rrmm\rrmm\marchingcubes.cpp(436): warning C4244: '+=': conversion from 'double' to 'float', possible loss of data
c:\users\albin\documents\github\advanced-modeling\lab 4\rrmm\rrmm\marchingcubes.cpp(443): warning C4244: '+=': conversion from 'double' to 'float', possible loss of data
c:\users\albin\documents\github\advanced-modeling\lab 4\rrmm\rrmm\marchingcubes.cpp(450): warning C4244: '+=': conversion from 'double' to 'float', possible loss of data
c:\users\albin\documents\github\advanced-modeling\lab 4\rrmm\rrmm\marchingcubes.cpp(456): warning C4244: '+=': conversion from 'double' to 'float', possible loss of data
c:\users\albin\documents\github\advanced-modeling\lab 4\rrmm\rrmm\marchingcubes.cpp(463): warning C4244: '+=': conversion from 'double' to 'float', possible loss of data
c:\users\albin\documents\github\advanced-modeling\lab 4\rrmm\rrmm\marchingcubes.cpp(471): warning C4244: '+=': conversion from 'double' to 'float', possible loss of data
c:\users\albin\documents\github\advanced-modeling\lab 4\rrmm\rrmm\marchingcubes.cpp(479): warning C4244: '+=': conversion from 'double' to 'float', possible loss of data
c:\users\albin\documents\github\advanced-modeling\lab 4\rrmm\rrmm\marchingcubes.cpp(486): warning C4244: '+=': conversion from 'double' to 'float', possible loss of data
c:\users\albin\documents\github\advanced-modeling\lab 4\rrmm\rrmm\marchingcubes.cpp(493): warning C4244: '+=': conversion from 'double' to 'float', possible loss of data
c:\users\albin\documents\github\advanced-modeling\lab 4\rrmm\rrmm\marchingcubes.cpp(501): warning C4244: '+=': conversion from 'double' to 'float', possible loss of data
c:\users\albin\documents\github\advanced-modeling\lab 4\rrmm\rrmm\marchingcubes.cpp(507): warning C4244: '+=': conversion from 'double' to 'float', possible loss of data
c:\users\albin\documents\github\advanced-modeling\lab 4\rrmm\rrmm\marchingcubes.cpp(524): warning C4244: 'argument': conversion from 'double' to 'unsigned int', possible loss of data
c:\users\albin\documents\github\advanced-modeling\lab 4\rrmm\rrmm\marchingcubes.cpp(530): warning C4018: '<': signed/unsigned mismatch
c:\users\albin\documents\github\advanced-modeling\lab 4\rrmm\rrmm\marchingcubes.cpp(546): warning C4018: '<': signed/unsigned mismatch
c:\users\albin\documents\github\advanced-modeling\lab 4\rrmm\rrmm\marchingcubes.cpp(555): warning C4018: '<': signed/unsigned mismatch
c:\users\albin\documents\github\advanced-modeling\lab 4\rrmm\rrmm\marchingcubes.cpp(587): warning C4244: 'initializing': conversion from 'unsigned int' to 'float', possible loss of data
c:\users\albin\documents\github\advanced-modeling\lab 4\rrmm\rrmm\marchingcubes.cpp(604): warning C4018: '<': signed/unsigned mismatch
c:\users\albin\documents\github\advanced-modeling\lab 4\rrmm\rrmm\marchingcubes.cpp(622): warning C4018: '<': signed/unsigned mismatch
c:\users\albin\documents\github\advanced-modeling\lab 4\rrmm\rrmm\marchingcubes.cpp(654): warning C4018: '<': signed/unsigned mismatch
c:\users\albin\documents\github\advanced-modeling\lab 4\rrmm\rrmm\marchingcubes.cpp(667): warning C4244: 'initializing': conversion from 'float' to '__int64', possible loss of data
c:\users\albin\documents\github\advanced-modeling\lab 4\rrmm\rrmm\marchingcubes.cpp(668): warning C4244: 'initializing': conversion from 'float' to '__int64', possible loss of data
c:\users\albin\documents\github\advanced-modeling\lab 4\rrmm\rrmm\marchingcubes.cpp(669): warning C4244: 'initializing': conversion from 'float' to '__int64', possible loss of data
c:\users\albin\documents\github\advanced-modeling\lab 4\rrmm\rrmm\marchingcubes.cpp(682): warning C4018: '<': signed/unsigned mismatch
c:\users\albin\documents\github\advanced-modeling\lab 4\rrmm\rrmm\marchingcubes.cpp(692): warning C4018: '<': signed/unsigned mismatch
c:\users\albin\documents\github\advanced-modeling\lab 4\rrmm\rrmm\marchingcubes.cpp(716): warning C4018: '<': signed/unsigned mismatch
  SOIL.lib(SOIL.obj) : MSIL .netmodule or module compiled with /GL found; restarting link with /LTCG; add /LTCG to the link command line to improve linker performance
LINK : warning LNK4075: ignoring '/INCREMENTAL' due to '/LTCG' specification
CubeMap.obj : warning LNK4075: ignoring '/EDITANDCONTINUE' due to '/OPT:LBR' specification
LINK : warning LNK4098: defaultlib 'LIBCMT' conflicts with use of other libs; use /NODEFAULTLIB:library
LINK : warning LNK4098: defaultlib 'MSVCRT' conflicts with use of other libs; use /NODEFAULTLIB:library
  Generating code
  Finished generating code
shaderLoader.obj : warning LNK4049: locally defined symbol ___glewAttachShader imported
shaderLoader.obj : warning LNK4049: locally defined symbol ___glewCompileShader imported
shaderLoader.obj : warning LNK4049: locally defined symbol ___glewCreateProgram imported
shaderLoader.obj : warning LNK4049: locally defined symbol ___glewCreateShader imported
shaderLoader.obj : warning LNK4049: locally defined symbol ___glewDeleteShader imported
shaderLoader.obj : warning LNK4049: locally defined symbol ___glewDetachShader imported
shaderLoader.obj : warning LNK4049: locally defined symbol ___glewGetProgramInfoLog imported
shaderLoader.obj : warning LNK4049: locally defined symbol ___glewGetProgramiv imported
shaderLoader.obj : warning LNK4049: locally defined symbol ___glewGetShaderInfoLog imported
shaderLoader.obj : warning LNK4049: locally defined symbol ___glewGetShaderiv imported
shaderLoader.obj : warning LNK4049: locally defined symbol ___glewLinkProgram imported
shaderLoader.obj : warning LNK4049: locally defined symbol ___glewShaderSource imported
glew32s.lib(glew.obj) : warning LNK4099: PDB 'vc120.pdb' was not found with 'glew32s.lib(glew.obj)' or at 'C:\Users\Albin\Documents\GitHub\Advanced-Modeling\Lab 4\RRMM\Debug\vc120.pdb'; linking object as if no debug info
glfw3.lib(context.obj) : warning LNK4099: PDB 'glfw.pdb' was not found with 'glfw3.lib(context.obj)' or at 'C:\Users\Albin\Documents\GitHub\Advanced-Modeling\Lab 4\RRMM\Debug\glfw.pdb'; linking object as if no debug info
glfw3.lib(init.obj) : warning LNK4099: PDB 'glfw.pdb' was not found with 'glfw3.lib(init.obj)' or at 'C:\Users\Albin\Documents\GitHub\Advanced-Modeling\Lab 4\RRMM\Debug\glfw.pdb'; linking object as if no debug info
glfw3.lib(input.obj) : warning LNK4099: PDB 'glfw.pdb' was not found with 'glfw3.lib(input.obj)' or at 'C:\Users\Albin\Documents\GitHub\Advanced-Modeling\Lab 4\RRMM\Debug\glfw.pdb'; linking object as if no debug info
glfw3.lib(monitor.obj) : warning LNK4099: PDB 'glfw.pdb' was not found with 'glfw3.lib(monitor.obj)' or at 'C:\Users\Albin\Documents\GitHub\Advanced-Modeling\Lab 4\RRMM\Debug\glfw.pdb'; linking object as if no debug info
glfw3.lib(vulkan.obj) : warning LNK4099: PDB 'glfw.pdb' was not found with 'glfw3.lib(vulkan.obj)' or at 'C:\Users\Albin\Documents\GitHub\Advanced-Modeling\Lab 4\RRMM\Debug\glfw.pdb'; linking object as if no debug info
glfw3.lib(window.obj) : warning LNK4099: PDB 'glfw.pdb' was not found with 'glfw3.lib(window.obj)' or at 'C:\Users\Albin\Documents\GitHub\Advanced-Modeling\Lab 4\RRMM\Debug\glfw.pdb'; linking object as if no debug info
glfw3.lib(win32_init.obj) : warning LNK4099: PDB 'glfw.pdb' was not found with 'glfw3.lib(win32_init.obj)' or at 'C:\Users\Albin\Documents\GitHub\Advanced-Modeling\Lab 4\RRMM\Debug\glfw.pdb'; linking object as if no debug info
glfw3.lib(win32_joystick.obj) : warning LNK4099: PDB 'glfw.pdb' was not found with 'glfw3.lib(win32_joystick.obj)' or at 'C:\Users\Albin\Documents\GitHub\Advanced-Modeling\Lab 4\RRMM\Debug\glfw.pdb'; linking object as if no debug info
glfw3.lib(win32_monitor.obj) : warning LNK4099: PDB 'glfw.pdb' was not found with 'glfw3.lib(win32_monitor.obj)' or at 'C:\Users\Albin\Documents\GitHub\Advanced-Modeling\Lab 4\RRMM\Debug\glfw.pdb'; linking object as if no debug info
glfw3.lib(win32_time.obj) : warning LNK4099: PDB 'glfw.pdb' was not found with 'glfw3.lib(win32_time.obj)' or at 'C:\Users\Albin\Documents\GitHub\Advanced-Modeling\Lab 4\RRMM\Debug\glfw.pdb'; linking object as if no debug info
glfw3.lib(win32_tls.obj) : warning LNK4099: PDB 'glfw.pdb' was not found with 'glfw3.lib(win32_tls.obj)' or at 'C:\Users\Albin\Documents\GitHub\Advanced-Modeling\Lab 4\RRMM\Debug\glfw.pdb'; linking object as if no debug info
glfw3.lib(win32_window.obj) : warning LNK4099: PDB 'glfw.pdb' was not found with 'glfw3.lib(win32_window.obj)' or at 'C:\Users\Albin\Documents\GitHub\Advanced-Modeling\Lab 4\RRMM\Debug\glfw.pdb'; linking object as if no debug info
glfw3.lib(wgl_context.obj) : warning LNK4099: PDB 'glfw.pdb' was not found with 'glfw3.lib(wgl_context.obj)' or at 'C:\Users\Albin\Documents\GitHub\Advanced-Modeling\Lab 4\RRMM\Debug\glfw.pdb'; linking object as if no debug info
glfw3.lib(egl_context.obj) : warning LNK4099: PDB 'glfw.pdb' was not found with 'glfw3.lib(egl_context.obj)' or at 'C:\Users\Albin\Documents\GitHub\Advanced-Modeling\Lab 4\RRMM\Debug\glfw.pdb'; linking object as if no debug info
  RRMM.vcxproj -> C:\Users\Albin\Documents\GitHub\Advanced-Modeling\Lab 4\RRMM\Debug\AM.exe
  RRMM.vcxproj -> C:\Users\Albin\Documents\GitHub\Advanced-Modeling\Lab 4\RRMM\Debug\AM.pdb (Partial PDB)
